#
# There is insufficient memory for the Java Runtime Environment to continue.
# Native memory allocation (mmap) failed to map 80216064 bytes for committing reserved memory.
# Possible reasons:
#   The system is out of physical RAM or swap space
#   In 32 bit mode, the process size limit was hit
# Possible solutions:
#   Reduce memory load on the system
#   Increase physical memory or swap space
#   Check if swap backing store is full
#   Use 64 bit Java on a 64 bit OS
#   Decrease Java heap size (-Xmx/-Xms)
#   Decrease number of Java threads
#   Decrease Java thread stack sizes (-Xss)
#   Set larger code cache with -XX:ReservedCodeCacheSize=
# This output file may be truncated or incomplete.
#
#  Out of Memory Error (os_linux.cpp:2640), pid=6503, tid=0x00007f8eb5b70700
#
# JRE version: Java(TM) SE Runtime Environment (8.0_172-b11) (build 1.8.0_172-b11)
# Java VM: Java HotSpot(TM) 64-Bit Server VM (25.172-b11 mixed mode linux-amd64 compressed oops)
# Failed to write core dump. Core dumps have been disabled. To enable core dumping, try "ulimit -c unlimited" before starting Java again
#

---------------  T H R E A D  ---------------

Current thread (0x00007f8ec807c800):  VMThread [stack: 0x00007f8eb5a70000,0x00007f8eb5b71000] [id=6510]

Stack: [0x00007f8eb5a70000,0x00007f8eb5b71000],  sp=0x00007f8eb5b6f220,  free space=1020k
Native frames: (J=compiled Java code, j=interpreted, Vv=VM code, C=native code)
V  [libjvm.so+0xad221a]  VMError::report_and_die()+0x2ba
V  [libjvm.so+0x50185b]  report_vm_out_of_memory(char const*, int, unsigned long, VMErrorType, char const*)+0x8b
V  [libjvm.so+0x92fee3]  os::Linux::commit_memory_impl(char*, unsigned long, bool)+0x123
V  [libjvm.so+0x930109]  os::pd_commit_memory(char*, unsigned long, unsigned long, bool)+0x29
V  [libjvm.so+0x9273ca]  os::commit_memory(char*, unsigned long, unsigned long, bool)+0x2a
V  [libjvm.so+0x99d363]  PSVirtualSpace::expand_by(unsigned long)+0x53
V  [libjvm.so+0x98dc20]  PSOldGen::expand(unsigned long)+0x170
V  [libjvm.so+0x98de2b]  PSOldGen::resize(unsigned long)+0x1cb
V  [libjvm.so+0x995b31]  PSParallelCompact::invoke_no_policy(bool)+0x991
V  [libjvm.so+0x99b48d]  PSScavenge::invoke()+0x1ad
V  [libjvm.so+0x951df0]  ParallelScavengeHeap::failed_mem_allocate(unsigned long)+0x70
V  [libjvm.so+0xad3c97]  VM_ParallelGCFailedAllocation::doit()+0x97
V  [libjvm.so+0xadb7b5]  VM_Operation::evaluate()+0x55
V  [libjvm.so+0xad9b7a]  VMThread::evaluate_operation(VM_Operation*)+0xba
V  [libjvm.so+0xad9efe]  VMThread::loop()+0x1ce
V  [libjvm.so+0xada370]  VMThread::run()+0x70
V  [libjvm.so+0x930248]  java_start(Thread*)+0x108

VM_Operation (0x00007f8e68eeaaf0): ParallelGCFailedAllocation, mode: safepoint, requested by thread 0x00007f8e78007800


---------------  P R O C E S S  ---------------

Java Threads: ( => current thread )
  0x00007f8e580e1800 JavaThread "container-4" [_thread_blocked, id=18049, stack(0x00007f8e698f7000,0x00007f8e699f8000)]
  0x00007f8e580df000 JavaThread "ContainerBackgroundProcessor[StandardEngine[Tomcat-4]]" daemon [_thread_blocked, id=18048, stack(0x00007f8e68fee000,0x00007f8e690ef000)]
  0x00007f8e6401b000 JavaThread "restartedMain" [_thread_blocked, id=18039, stack(0x00007f8e680e7000,0x00007f8e681e8000)]
  0x00007f8e5c204800 JavaThread "Thread-426" [_thread_blocked, id=18034, stack(0x00007f8e336ff000,0x00007f8e33800000)]
  0x00007f8e6000f800 JavaThread "File Watcher" daemon [_thread_blocked, id=15866, stack(0x00007f8e6b6ff000,0x00007f8e6b800000)]
  0x00007f8e38003000 JavaThread "File Watcher" daemon [_thread_blocked, id=14098, stack(0x00007f8e68ceb000,0x00007f8e68dec000)]
  0x00007f8e38002000 JavaThread "File Watcher" daemon [_thread_blocked, id=14036, stack(0x00007f8e693f2000,0x00007f8e694f3000)]
  0x00007f8e78007800 JavaThread "File Watcher" daemon [_thread_blocked, id=7594, stack(0x00007f8e68dec000,0x00007f8e68eed000)]
  0x00007f8ec800e800 JavaThread "DestroyJavaVM" [_thread_blocked, id=6504, stack(0x00007f8eced1e000,0x00007f8ecee1f000)]
  0x00007f8e7d4f6800 JavaThread "Live Reload Server" daemon [_thread_in_native, id=6548, stack(0x00007f8e6a2f9000,0x00007f8e6a3fa000)]
  0x00007f8e7cab8000 JavaThread "Abandoned connection cleanup thread" daemon [_thread_blocked, id=6528, stack(0x00007f8eb4abb000,0x00007f8eb4bbc000)]
  0x00007f8ec80cd000 JavaThread "Service Thread" daemon [_thread_blocked, id=6517, stack(0x00007f8eb51ce000,0x00007f8eb52cf000)]
  0x00007f8ec80c2000 JavaThread "C1 CompilerThread2" daemon [_thread_blocked, id=6516, stack(0x00007f8eb52cf000,0x00007f8eb53d0000)]
  0x00007f8ec80c0000 JavaThread "C2 CompilerThread1" daemon [_thread_blocked, id=6515, stack(0x00007f8eb53d0000,0x00007f8eb54d1000)]
  0x00007f8ec80bd000 JavaThread "C2 CompilerThread0" daemon [_thread_blocked, id=6514, stack(0x00007f8eb54d1000,0x00007f8eb55d2000)]
  0x00007f8ec80bb800 JavaThread "Signal Dispatcher" daemon [_thread_blocked, id=6513, stack(0x00007f8eb55d2000,0x00007f8eb56d3000)]
  0x00007f8ec8088800 JavaThread "Finalizer" daemon [_thread_blocked, id=6512, stack(0x00007f8eb586e000,0x00007f8eb596f000)]
  0x00007f8ec8086000 JavaThread "Reference Handler" daemon [_thread_blocked, id=6511, stack(0x00007f8eb596f000,0x00007f8eb5a70000)]

Other Threads:
=>0x00007f8ec807c800 VMThread [stack: 0x00007f8eb5a70000,0x00007f8eb5b71000] [id=6510]
  0x00007f8ec80d2000 WatcherThread [stack: 0x00007f8eb50cd000,0x00007f8eb51ce000] [id=6518]

VM state:at safepoint (normal execution)

VM Mutex/Monitor currently owned by a thread:  ([mutex/lock_event])
[0x00007f8ec800a8d0] ExpandHeap_lock - owner thread: 0x00007f8ec807c800
[0x00007f8ec800af50] Threads_lock - owner thread: 0x00007f8ec807c800
[0x00007f8ec800b450] Heap_lock - owner thread: 0x00007f8e78007800

Heap:
 PSYoungGen      total 152576K, used 6956K [0x00000000f6200000, 0x0000000100000000, 0x0000000100000000)
  eden space 143360K, 4% used [0x00000000f6200000,0x00000000f68cb308,0x00000000fee00000)
  from space 9216K, 0% used [0x00000000fee00000,0x00000000fee00000,0x00000000ff700000)
  to   space 9216K, 0% used [0x00000000ff700000,0x00000000ff700000,0x0000000100000000)
 ParOldGen       total 245248K, used 245213K [0x00000000e2600000, 0x00000000f1580000, 0x00000000f6200000)
  object space 245248K, 99% used [0x00000000e2600000,0x00000000f15774a0,0x00000000f1580000)
 Metaspace       used 91344K, capacity 100448K, committed 100648K, reserved 1136640K
  class space    used 11469K, capacity 13319K, committed 13352K, reserved 1048576K

Card table byte_map: [0x00007f8eb8936000,0x00007f8eb8a24000] byte_map_base: 0x00007f8eb8223000

Marking Bits: (ParMarkBitMap*) 0x00007f8ece212de0
 Begin Bits: [0x00007f8eb7662000, 0x00007f8eb7dca000)
 End Bits:   [0x00007f8eb7dca000, 0x00007f8eb8532000)

Polling page: 0x00007f8ecee35000

CodeCache: size=245760Kb used=52976Kb max_used=53011Kb free=192783Kb
 bounds [0x00007f8eb8de4000, 0x00007f8ebc214000, 0x00007f8ec7de4000]
 total_blobs=14833 nmethods=14256 adapters=489
 compilation: enabled

Compilation events (10 events):
Event: 7243.675 Thread 0x00007f8ec80c2000 18800       3       org.springframework.boot.context.properties.PropertyMapper::from (32 bytes)
Event: 7243.678 Thread 0x00007f8ec80c2000 nmethod 18800 0x00007f8eb986f590 code [0x00007f8eb986f7a0, 0x00007f8eb98700d8]
Event: 7243.728 Thread 0x00007f8ec80c2000 18801       3       java.util.concurrent.locks.ReentrantReadWriteLock::<init> (54 bytes)
Event: 7243.734 Thread 0x00007f8ec80c2000 nmethod 18801 0x00007f8eb9726510 code [0x00007f8eb9726760, 0x00007f8eb97278d0]
Event: 7244.067 Thread 0x00007f8ec80bd000 18802   !   4       org.springframework.util.ClassUtils::getDefaultClassLoader (37 bytes)
Event: 7244.074 Thread 0x00007f8ec80bd000 nmethod 18802 0x00007f8eb9869610 code [0x00007f8eb9869760, 0x00007f8eb98697f8]
Event: 7244.099 Thread 0x00007f8ec80c0000 18803       4       java.util.regex.Pattern$CharProperty::study (29 bytes)
Event: 7244.103 Thread 0x00007f8ec80c0000 nmethod 18803 0x00007f8eba7fb350 code [0x00007f8eba7fb4a0, 0x00007f8eba7fb538]
Event: 7244.202 Thread 0x00007f8ec80c2000 18804       3       org.springframework.web.filter.GenericFilterBean$FilterConfigPropertyValues::<init> (150 bytes)
Event: 7244.207 Thread 0x00007f8ec80c2000 nmethod 18804 0x00007f8eb9c7d350 code [0x00007f8eb9c7d700, 0x00007f8eb9c7f508]

GC Heap History (10 events):
Event: 7192.876 GC heap after
Heap after GC invocations=214 (full 57):
 PSYoungGen      total 152576K, used 5138K [0x00000000f6200000, 0x0000000100000000, 0x0000000100000000)
  eden space 143360K, 0% used [0x00000000f6200000,0x00000000f6200000,0x00000000fee00000)
  from space 9216K, 55% used [0x00000000fee00000,0x00000000ff304b80,0x00000000ff700000)
  to   space 9216K, 0% used [0x00000000ff700000,0x00000000ff700000,0x0000000100000000)
 ParOldGen       total 245248K, used 238763K [0x00000000e2600000, 0x00000000f1580000, 0x00000000f6200000)
  object space 245248K, 97% used [0x00000000e2600000,0x00000000f0f2ac88,0x00000000f1580000)
 Metaspace       used 90911K, capacity 99886K, committed 100136K, reserved 1136640K
  class space    used 11426K, capacity 13239K, committed 13352K, reserved 1048576K
}
Event: 7192.876 GC heap before
{Heap before GC invocations=215 (full 58):
 PSYoungGen      total 152576K, used 5138K [0x00000000f6200000, 0x0000000100000000, 0x0000000100000000)
  eden space 143360K, 0% used [0x00000000f6200000,0x00000000f6200000,0x00000000fee00000)
  from space 9216K, 55% used [0x00000000fee00000,0x00000000ff304b80,0x00000000ff700000)
  to   space 9216K, 0% used [0x00000000ff700000,0x00000000ff700000,0x0000000100000000)
 ParOldGen       total 245248K, used 238763K [0x00000000e2600000, 0x00000000f1580000, 0x00000000f6200000)
  object space 245248K, 97% used [0x00000000e2600000,0x00000000f0f2ac88,0x00000000f1580000)
 Metaspace       used 90911K, capacity 99886K, committed 100136K, reserved 1136640K
  class space    used 11426K, capacity 13239K, committed 13352K, reserved 1048576K
Event: 7195.465 GC heap after
Heap after GC invocations=215 (full 58):
 PSYoungGen      total 152576K, used 0K [0x00000000f6200000, 0x0000000100000000, 0x0000000100000000)
  eden space 143360K, 0% used [0x00000000f6200000,0x00000000f6200000,0x00000000fee00000)
  from space 9216K, 0% used [0x00000000fee00000,0x00000000fee00000,0x00000000ff700000)
  to   space 9216K, 0% used [0x00000000ff700000,0x00000000ff700000,0x0000000100000000)
 ParOldGen       total 245248K, used 242061K [0x00000000e2600000, 0x00000000f1580000, 0x00000000f6200000)
  object space 245248K, 98% used [0x00000000e2600000,0x00000000f12636a0,0x00000000f1580000)
 Metaspace       used 90903K, capacity 99874K, committed 100136K, reserved 1136640K
  class space    used 11425K, capacity 13237K, committed 13352K, reserved 1048576K
}
Event: 7197.408 GC heap before
{Heap before GC invocations=216 (full 58):
 PSYoungGen      total 152576K, used 143360K [0x00000000f6200000, 0x0000000100000000, 0x0000000100000000)
  eden space 143360K, 100% used [0x00000000f6200000,0x00000000fee00000,0x00000000fee00000)
  from space 9216K, 0% used [0x00000000fee00000,0x00000000fee00000,0x00000000ff700000)
  to   space 9216K, 0% used [0x00000000ff700000,0x00000000ff700000,0x0000000100000000)
 ParOldGen       total 245248K, used 242061K [0x00000000e2600000, 0x00000000f1580000, 0x00000000f6200000)
  object space 245248K, 98% used [0x00000000e2600000,0x00000000f12636a0,0x00000000f1580000)
 Metaspace       used 91016K, capacity 100058K, committed 100392K, reserved 1136640K
  class space    used 11441K, capacity 13277K, committed 13352K, reserved 1048576K
Event: 7197.434 GC heap after
Heap after GC invocations=216 (full 58):
 PSYoungGen      total 152576K, used 7251K [0x00000000f6200000, 0x0000000100000000, 0x0000000100000000)
  eden space 143360K, 0% used [0x00000000f6200000,0x00000000f6200000,0x00000000fee00000)
  from space 9216K, 78% used [0x00000000ff700000,0x00000000ffe14d78,0x0000000100000000)
  to   space 9216K, 0% used [0x00000000fee00000,0x00000000fee00000,0x00000000ff700000)
 ParOldGen       total 245248K, used 242069K [0x00000000e2600000, 0x00000000f1580000, 0x00000000f6200000)
  object space 245248K, 98% used [0x00000000e2600000,0x00000000f12656a0,0x00000000f1580000)
 Metaspace       used 91016K, capacity 100058K, committed 100392K, reserved 1136640K
  class space    used 11441K, capacity 13277K, committed 13352K, reserved 1048576K
}
Event: 7240.186 GC heap before
{Heap before GC invocations=217 (full 58):
 PSYoungGen      total 152576K, used 118271K [0x00000000f6200000, 0x0000000100000000, 0x0000000100000000)
  eden space 143360K, 77% used [0x00000000f6200000,0x00000000fce6af88,0x00000000fee00000)
  from space 9216K, 78% used [0x00000000ff700000,0x00000000ffe14d78,0x0000000100000000)
  to   space 9216K, 0% used [0x00000000fee00000,0x00000000fee00000,0x00000000ff700000)
 ParOldGen       total 245248K, used 242069K [0x00000000e2600000, 0x00000000f1580000, 0x00000000f6200000)
  object space 245248K, 98% used [0x00000000e2600000,0x00000000f12656a0,0x00000000f1580000)
 Metaspace       used 91247K, capacity 100270K, committed 100392K, reserved 1136640K
  class space    used 11453K, capacity 13280K, committed 13352K, reserved 1048576K
Event: 7240.232 GC heap after
Heap after GC invocations=217 (full 58):
 PSYoungGen      total 152576K, used 5186K [0x00000000f6200000, 0x0000000100000000, 0x0000000100000000)
  eden space 143360K, 0% used [0x00000000f6200000,0x00000000f6200000,0x00000000fee00000)
  from space 9216K, 56% used [0x00000000fee00000,0x00000000ff310b70,0x00000000ff700000)
  to   space 9216K, 0% used [0x00000000ff700000,0x00000000ff700000,0x0000000100000000)
 ParOldGen       total 245248K, used 242077K [0x00000000e2600000, 0x00000000f1580000, 0x00000000f6200000)
  object space 245248K, 98% used [0x00000000e2600000,0x00000000f12676a0,0x00000000f1580000)
 Metaspace       used 91247K, capacity 100270K, committed 100392K, reserved 1136640K
  class space    used 11453K, capacity 13280K, committed 13352K, reserved 1048576K
}
Event: 7240.232 GC heap before
{Heap before GC invocations=218 (full 59):
 PSYoungGen      total 152576K, used 5186K [0x00000000f6200000, 0x0000000100000000, 0x0000000100000000)
  eden space 143360K, 0% used [0x00000000f6200000,0x00000000f6200000,0x00000000fee00000)
  from space 9216K, 56% used [0x00000000fee00000,0x00000000ff310b70,0x00000000ff700000)
  to   space 9216K, 0% used [0x00000000ff700000,0x00000000ff700000,0x0000000100000000)
 ParOldGen       total 245248K, used 242077K [0x00000000e2600000, 0x00000000f1580000, 0x00000000f6200000)
  object space 245248K, 98% used [0x00000000e2600000,0x00000000f12676a0,0x00000000f1580000)
 Metaspace       used 91247K, capacity 100270K, committed 100392K, reserved 1136640K
  class space    used 11453K, capacity 13280K, committed 13352K, reserved 1048576K
Event: 7242.506 GC heap after
Heap after GC invocations=218 (full 59):
 PSYoungGen      total 152576K, used 480K [0x00000000f6200000, 0x0000000100000000, 0x0000000100000000)
  eden space 143360K, 0% used [0x00000000f6200000,0x00000000f6200000,0x00000000fee00000)
  from space 9216K, 5% used [0x00000000fee00000,0x00000000fee781a0,0x00000000ff700000)
  to   space 9216K, 0% used [0x00000000ff700000,0x00000000ff700000,0x0000000100000000)
 ParOldGen       total 245248K, used 245238K [0x00000000e2600000, 0x00000000f1580000, 0x00000000f6200000)
  object space 245248K, 99% used [0x00000000e2600000,0x00000000f157da18,0x00000000f1580000)
 Metaspace       used 91243K, capacity 100264K, committed 100392K, reserved 1136640K
  class space    used 11453K, capacity 13279K, committed 13352K, reserved 1048576K
}
Event: 7244.345 GC heap before
{Heap before GC invocations=219 (full 60):
 PSYoungGen      total 152576K, used 143840K [0x00000000f6200000, 0x0000000100000000, 0x0000000100000000)
  eden space 143360K, 100% used [0x00000000f6200000,0x00000000fee00000,0x00000000fee00000)
  from space 9216K, 5% used [0x00000000fee00000,0x00000000fee781a0,0x00000000ff700000)
  to   space 9216K, 0% used [0x00000000ff700000,0x00000000ff700000,0x0000000100000000)
 ParOldGen       total 245248K, used 245238K [0x00000000e2600000, 0x00000000f1580000, 0x00000000f6200000)
  object space 245248K, 99% used [0x00000000e2600000,0x00000000f157da18,0x00000000f1580000)
 Metaspace       used 91344K, capacity 100448K, committed 100648K, reserved 1136640K
  class space    used 11469K, capacity 13319K, committed 13352K, reserved 1048576K

Deoptimization events (10 events):
Event: 6086.605 Thread 0x00007f8e48365800 Uncommon trap: reason=class_check action=maybe_recompile pc=0x00007f8ebbde29f8 method=java.util.concurrent.ConcurrentHashMap.comparableClassFor(Ljava/lang/Object;)Ljava/lang/Class; @ 1
Event: 6086.605 Thread 0x00007f8e48365800 Uncommon trap: reason=class_check action=maybe_recompile pc=0x00007f8ebbde29f8 method=java.util.concurrent.ConcurrentHashMap.comparableClassFor(Ljava/lang/Object;)Ljava/lang/Class; @ 1
Event: 6099.997 Thread 0x00007f8e38059800 Uncommon trap: reason=array_check action=maybe_recompile pc=0x00007f8eba05a784 method=java.util.Arrays.fill([Ljava/lang/Object;Ljava/lang/Object;)V @ 13
Event: 6099.997 Thread 0x00007f8e38059800 Uncommon trap: reason=array_check action=maybe_recompile pc=0x00007f8eba05a784 method=java.util.Arrays.fill([Ljava/lang/Object;Ljava/lang/Object;)V @ 13
Event: 6102.535 Thread 0x00007f8e54003800 Uncommon trap: reason=array_check action=maybe_recompile pc=0x00007f8eba05a784 method=java.util.Arrays.fill([Ljava/lang/Object;Ljava/lang/Object;)V @ 13
Event: 6102.536 Thread 0x00007f8e54003800 Uncommon trap: reason=array_check action=maybe_recompile pc=0x00007f8eba05a784 method=java.util.Arrays.fill([Ljava/lang/Object;Ljava/lang/Object;)V @ 13
Event: 6155.297 Thread 0x00007f8e84002000 Uncommon trap: reason=null_check action=make_not_entrant pc=0x00007f8ebbee9d00 method=com.mysql.cj.jdbc.JdbcPropertySetImpl.postInitialization()V @ 50
Event: 6155.463 Thread 0x00007f8e5800c800 Uncommon trap: reason=null_check action=make_not_entrant pc=0x00007f8ebbd427a4 method=com.mysql.cj.jdbc.JdbcPropertySetImpl.postInitialization()V @ 50
Event: 6482.399 Thread 0x00007f8e50287000 Uncommon trap: reason=null_check action=make_not_entrant pc=0x00007f8ebbfe1a9c method=org.springframework.beans.ExtendedBeanInfo.isCandidateWriteMethod(Ljava/lang/reflect/Method;)Z @ 47
Event: 6916.954 Thread 0x00007f8e5c202800 Uncommon trap: reason=unstable_if action=reinterpret pc=0x00007f8ebaf5565c method=java.lang.Long.numberOfTrailingZeros(J)I @ 17

Classes redefined (0 events):
No events

Internal exceptions (10 events):
Event: 7197.793 Thread 0x00007f8e6402c800 Exception <a 'java/lang/ClassNotFoundException': com/web/entity/LoginEmployeeBeanInfo> (0x00000000f76bbe58) thrown at [/HUDSON/workspace/8-2-build-linux-amd64/jdk8u172/10810/hotspot/src/share/vm/classfile/systemDictionary.cpp, line 210]
Event: 7197.793 Thread 0x00007f8e6402c800 Exception <a 'java/lang/ClassNotFoundException': com/web/entity/LoginEmployeeCustomizer> (0x00000000f76cfdb0) thrown at [/HUDSON/workspace/8-2-build-linux-amd64/jdk8u172/10810/hotspot/src/share/vm/classfile/systemDictionary.cpp, line 210]
Event: 7197.826 Thread 0x00007f8e6402c800 Exception <a 'java/lang/ClassNotFoundException': com/web/entity/LogoutEmployeeBeanInfo> (0x00000000f78424f0) thrown at [/HUDSON/workspace/8-2-build-linux-amd64/jdk8u172/10810/hotspot/src/share/vm/classfile/systemDictionary.cpp, line 210]
Event: 7197.827 Thread 0x00007f8e6402c800 Exception <a 'java/lang/ClassNotFoundException': com/web/entity/LogoutEmployeeCustomizer> (0x00000000f7856a78) thrown at [/HUDSON/workspace/8-2-build-linux-amd64/jdk8u172/10810/hotspot/src/share/vm/classfile/systemDictionary.cpp, line 210]
Event: 7240.121 Thread 0x00007f8e80045000 Exception <a 'java/lang/InterruptedException': sleep interrupted> (0x00000000fce00a48) thrown at [/HUDSON/workspace/8-2-build-linux-amd64/jdk8u172/10810/hotspot/src/share/vm/prims/jvm.cpp, line 3273]
Event: 7240.143 Thread 0x00007f8e600d2800 Exception <a 'java/lang/InterruptedException': sleep interrupted> (0x00000000fa995b58) thrown at [/HUDSON/workspace/8-2-build-linux-amd64/jdk8u172/10810/hotspot/src/share/vm/prims/jvm.cpp, line 3273]
Event: 7240.181 Thread 0x00007f8e600c8000 Exception <a 'java/lang/InterruptedException': sleep interrupted> (0x00000000fce37c90) thrown at [/HUDSON/workspace/8-2-build-linux-amd64/jdk8u172/10810/hotspot/src/share/vm/prims/jvm.cpp, line 3273]
Event: 7242.562 Thread 0x00007f8e6401b000 Exception <a 'java/io/FileNotFoundException'> (0x00000000f6578220) thrown at [/HUDSON/workspace/8-2-build-linux-amd64/jdk8u172/10810/hotspot/src/share/vm/prims/jni.cpp, line 709]
Event: 7243.929 Thread 0x00007f8e6401b000 Exception <a 'java/io/FileNotFoundException'> (0x00000000fe1a8c40) thrown at [/HUDSON/workspace/8-2-build-linux-amd64/jdk8u172/10810/hotspot/src/share/vm/prims/jni.cpp, line 709]
Event: 7244.202 Thread 0x00007f8e6401b000 Exception <a 'java/io/FileNotFoundException'> (0x00000000fec698b8) thrown at [/HUDSON/workspace/8-2-build-linux-amd64/jdk8u172/10810/hotspot/src/share/vm/prims/jni.cpp, line 709]

Events (10 events):
Event: 7244.174 loading class org/joda/time/LocalDate done
Event: 7244.175 loading class org/joda/time$LocalDate
Event: 7244.175 loading class org/joda/time$LocalDate done
Event: 7244.178 loading class org/joda/time/LocalDate
Event: 7244.178 loading class org/joda/time/LocalDate done
Event: 7244.179 loading class org/joda/time$LocalDate
Event: 7244.179 loading class org/joda/time$LocalDate done
Event: 7244.204 Thread 0x00007f8e580df000 Thread added: 0x00007f8e580df000
Event: 7244.205 Thread 0x00007f8e580e1800 Thread added: 0x00007f8e580e1800
Event: 7244.339 Executing VM operation: ParallelGCFailedAllocation


Dynamic libraries:
00400000-00401000 r-xp 00000000 08:05 264284                             /opt/jdk/jdk1.8.0_172/jre/bin/java
00600000-00601000 rw-p 00000000 08:05 264284                             /opt/jdk/jdk1.8.0_172/jre/bin/java
015a0000-015c1000 rw-p 00000000 00:00 0                                  [heap]
e2600000-f1580000 rw-p 00000000 00:00 0 
f6200000-100000000 rw-p 00000000 00:00 0 
100000000-100d0a000 rw-p 00000000 00:00 0 
100d0a000-140000000 ---p 00000000 00:00 0 
7f8e328ff000-7f8e32a3f000 rw-p 00000000 00:00 0 
7f8e32a3f000-7f8e32aff000 ---p 00000000 00:00 0 
7f8e32aff000-7f8e32cff000 rw-p 00000000 00:00 0 
7f8e32cff000-7f8e32eff000 rw-p 00000000 00:00 0 
7f8e32eff000-7f8e330ff000 rw-p 00000000 00:00 0 
7f8e330ff000-7f8e332ff000 rw-p 00000000 00:00 0 
7f8e332ff000-7f8e334ff000 rw-p 00000000 00:00 0 
7f8e334ff000-7f8e336ff000 rw-p 00000000 00:00 0 
7f8e336ff000-7f8e33702000 ---p 00000000 00:00 0 
7f8e33702000-7f8e33800000 rw-p 00000000 00:00 0 
7f8e33800000-7f8e33a00000 rw-p 00000000 00:00 0 
7f8e33a00000-7f8e33c00000 rw-p 00000000 00:00 0 
7f8e33c00000-7f8e33e00000 rw-p 00000000 00:00 0 
7f8e33e00000-7f8e34000000 rw-p 00000000 00:00 0 
7f8e34000000-7f8e34217000 rw-p 00000000 00:00 0 
7f8e34217000-7f8e38000000 ---p 00000000 00:00 0 
7f8e38000000-7f8e38245000 rw-p 00000000 00:00 0 
7f8e38245000-7f8e3c000000 ---p 00000000 00:00 0 
7f8e3c000000-7f8e3c087000 rw-p 00000000 00:00 0 
7f8e3c087000-7f8e40000000 ---p 00000000 00:00 0 
7f8e40000000-7f8e401d0000 rw-p 00000000 00:00 0 
7f8e401d0000-7f8e44000000 ---p 00000000 00:00 0 
7f8e44000000-7f8e441d7000 rw-p 00000000 00:00 0 
7f8e441d7000-7f8e48000000 ---p 00000000 00:00 0 
7f8e48000000-7f8e483dc000 rw-p 00000000 00:00 0 
7f8e483dc000-7f8e4c000000 ---p 00000000 00:00 0 
7f8e4c000000-7f8e4c021000 rw-p 00000000 00:00 0 
7f8e4c021000-7f8e50000000 ---p 00000000 00:00 0 
7f8e50000000-7f8e50300000 rw-p 00000000 00:00 0 
7f8e50300000-7f8e54000000 ---p 00000000 00:00 0 
7f8e54000000-7f8e541bb000 rw-p 00000000 00:00 0 
7f8e541bb000-7f8e58000000 ---p 00000000 00:00 0 
7f8e58000000-7f8e58177000 rw-p 00000000 00:00 0 
7f8e58177000-7f8e5c000000 ---p 00000000 00:00 0 
7f8e5c000000-7f8e5c774000 rw-p 00000000 00:00 0 
7f8e5c774000-7f8e60000000 ---p 00000000 00:00 0 
7f8e60000000-7f8e60292000 rw-p 00000000 00:00 0 
7f8e60292000-7f8e64000000 ---p 00000000 00:00 0 
7f8e64000000-7f8e640e2000 rw-p 00000000 00:00 0 
7f8e640e2000-7f8e68000000 ---p 00000000 00:00 0 
7f8e680e7000-7f8e680ea000 ---p 00000000 00:00 0 
7f8e680ea000-7f8e681e8000 rw-p 00000000 00:00 0 
7f8e681e8000-7f8e681eb000 ---p 00000000 00:00 0 
7f8e681eb000-7f8e682e9000 rw-p 00000000 00:00 0 
7f8e682e9000-7f8e684e9000 rw-p 00000000 00:00 0 
7f8e684e9000-7f8e686e9000 rw-p 00000000 00:00 0 
7f8e686e9000-7f8e688e9000 rw-p 00000000 00:00 0 
7f8e688e9000-7f8e688ec000 ---p 00000000 00:00 0 
7f8e688ec000-7f8e689ea000 rw-p 00000000 00:00 0 
7f8e689ea000-7f8e689ed000 ---p 00000000 00:00 0 
7f8e689ed000-7f8e68aeb000 rw-p 00000000 00:00 0 
7f8e68aeb000-7f8e68ceb000 rw-p 00000000 00:00 0 
7f8e68ceb000-7f8e68cee000 ---p 00000000 00:00 0 
7f8e68cee000-7f8e68dec000 rw-p 00000000 00:00 0 
7f8e68dec000-7f8e68def000 ---p 00000000 00:00 0 
7f8e68def000-7f8e68eed000 rw-p 00000000 00:00 0 
7f8e68eed000-7f8e68ef0000 ---p 00000000 00:00 0 
7f8e68ef0000-7f8e68fee000 rw-p 00000000 00:00 0 
7f8e68fee000-7f8e68ff1000 ---p 00000000 00:00 0 
7f8e68ff1000-7f8e690ef000 rw-p 00000000 00:00 0 
7f8e690ef000-7f8e690f2000 ---p 00000000 00:00 0 
7f8e690f2000-7f8e691f0000 rw-p 00000000 00:00 0 
7f8e691f0000-7f8e691f3000 ---p 00000000 00:00 0 
7f8e691f3000-7f8e692f1000 rw-p 00000000 00:00 0 
7f8e692f1000-7f8e692f4000 ---p 00000000 00:00 0 
7f8e692f4000-7f8e693f2000 rw-p 00000000 00:00 0 
7f8e693f2000-7f8e693f5000 ---p 00000000 00:00 0 
7f8e693f5000-7f8e694f3000 rw-p 00000000 00:00 0 
7f8e694f3000-7f8e694f6000 ---p 00000000 00:00 0 
7f8e694f6000-7f8e695f4000 rw-p 00000000 00:00 0 
7f8e695f4000-7f8e695f7000 ---p 00000000 00:00 0 
7f8e695f7000-7f8e696f5000 rw-p 00000000 00:00 0 
7f8e696f5000-7f8e696f8000 ---p 00000000 00:00 0 
7f8e696f8000-7f8e697f6000 rw-p 00000000 00:00 0 
7f8e697f6000-7f8e697f9000 ---p 00000000 00:00 0 
7f8e697f9000-7f8e698f7000 rw-p 00000000 00:00 0 
7f8e698f7000-7f8e698fa000 ---p 00000000 00:00 0 
7f8e698fa000-7f8e699f8000 rw-p 00000000 00:00 0 
7f8e699f8000-7f8e699fb000 ---p 00000000 00:00 0 
7f8e699fb000-7f8e69af9000 rw-p 00000000 00:00 0 
7f8e69af9000-7f8e69cf9000 rw-p 00000000 00:00 0 
7f8e69cf9000-7f8e69ef9000 rw-p 00000000 00:00 0 
7f8e69ef9000-7f8e6a0f9000 rw-p 00000000 00:00 0 
7f8e6a0f9000-7f8e6a2f9000 rw-p 00000000 00:00 0 
7f8e6a2f9000-7f8e6a2fc000 ---p 00000000 00:00 0 
7f8e6a2fc000-7f8e6a3fa000 rw-p 00000000 00:00 0 
7f8e6a3fa000-7f8e6a3fd000 ---p 00000000 00:00 0 
7f8e6a3fd000-7f8e6a4fb000 rw-p 00000000 00:00 0 
7f8e6a4fb000-7f8e6a6fb000 rw-p 00000000 00:00 0 
7f8e6a6fb000-7f8e6a8fb000 rw-p 00000000 00:00 0 
7f8e6a8fb000-7f8e6aafb000 rw-p 00000000 00:00 0 
7f8e6aafb000-7f8e6acfb000 rw-p 00000000 00:00 0 
7f8e6acfb000-7f8e6aefb000 rw-p 00000000 00:00 0 
7f8e6aefb000-7f8e6aefe000 ---p 00000000 00:00 0 
7f8e6aefe000-7f8e6affc000 rw-p 00000000 00:00 0 
7f8e6affc000-7f8e6afff000 ---p 00000000 00:00 0 
7f8e6afff000-7f8e6b0fd000 rw-p 00000000 00:00 0 
7f8e6b0fd000-7f8e6b2fd000 rw-p 00000000 00:00 0 
7f8e6b2fd000-7f8e6b300000 ---p 00000000 00:00 0 
7f8e6b300000-7f8e6b3fe000 rw-p 00000000 00:00 0 
7f8e6b3fe000-7f8e6b401000 ---p 00000000 00:00 0 
7f8e6b401000-7f8e6b4ff000 rw-p 00000000 00:00 0 
7f8e6b4ff000-7f8e6b6ff000 rw-p 00000000 00:00 0 
7f8e6b6ff000-7f8e6b702000 ---p 00000000 00:00 0 
7f8e6b702000-7f8e6b800000 rw-p 00000000 00:00 0 
7f8e6b800000-7f8e6ba00000 rw-p 00000000 00:00 0 
7f8e6ba00000-7f8e6bc00000 rw-p 00000000 00:00 0 
7f8e6bc00000-7f8e6be00000 rw-p 00000000 00:00 0 
7f8e6be00000-7f8e6c000000 rw-p 00000000 00:00 0 
7f8e6c000000-7f8e6c068000 rw-p 00000000 00:00 0 
7f8e6c068000-7f8e70000000 ---p 00000000 00:00 0 
7f8e70000000-7f8e703ac000 rw-p 00000000 00:00 0 
7f8e703ac000-7f8e74000000 ---p 00000000 00:00 0 
7f8e740e8000-7f8e740ed000 r--s 002f9000 08:05 264388                     /opt/jdk/jdk1.8.0_172/jre/lib/charsets.jar
7f8e740ed000-7f8e742ed000 rw-p 00000000 00:00 0 
7f8e742ed000-7f8e744ed000 rw-p 00000000 00:00 0 
7f8e744ed000-7f8e744f0000 ---p 00000000 00:00 0 
7f8e744f0000-7f8e745ee000 rw-p 00000000 00:00 0 
7f8e745ee000-7f8e747ee000 rw-p 00000000 00:00 0 
7f8e747ee000-7f8e749ee000 rw-p 00000000 00:00 0 
7f8e749ee000-7f8e749ff000 r-xp 00000000 08:05 264609                     /opt/jdk/jdk1.8.0_172/jre/lib/amd64/libnio.so
7f8e749ff000-7f8e74bfe000 ---p 00011000 08:05 264609                     /opt/jdk/jdk1.8.0_172/jre/lib/amd64/libnio.so
7f8e74bfe000-7f8e74bff000 rw-p 00010000 08:05 264609                     /opt/jdk/jdk1.8.0_172/jre/lib/amd64/libnio.so
7f8e74bff000-7f8e74dff000 rw-p 00000000 00:00 0 
7f8e74dff000-7f8e74fff000 rw-p 00000000 00:00 0 
7f8e74fff000-7f8e78000000 rw-p 00000000 00:00 0 
7f8e78000000-7f8e7817f000 rw-p 00000000 00:00 0 
7f8e7817f000-7f8e7c000000 ---p 00000000 00:00 0 
7f8e7c000000-7f8e7db46000 rw-p 00000000 00:00 0 
7f8e7db46000-7f8e80000000 ---p 00000000 00:00 0 
7f8e80000000-7f8e8004f000 rw-p 00000000 00:00 0 
7f8e8004f000-7f8e84000000 ---p 00000000 00:00 0 
7f8e84000000-7f8e84021000 rw-p 00000000 00:00 0 
7f8e84021000-7f8e88000000 ---p 00000000 00:00 0 
7f8e88000000-7f8e8a625000 rw-p 00000000 00:00 0 
7f8e8a625000-7f8e8c000000 ---p 00000000 00:00 0 
7f8e8c000000-7f8e8d2a3000 rw-p 00000000 00:00 0 
7f8e8d2a3000-7f8e90000000 ---p 00000000 00:00 0 
7f8e90000000-7f8e90021000 rw-p 00000000 00:00 0 
7f8e90021000-7f8e94000000 ---p 00000000 00:00 0 
7f8e94000000-7f8e9687c000 rw-p 00000000 00:00 0 
7f8e9687c000-7f8e98000000 ---p 00000000 00:00 0 
7f8e98000000-7f8e98021000 rw-p 00000000 00:00 0 
7f8e98021000-7f8e9c000000 ---p 00000000 00:00 0 
7f8e9c000000-7f8e9c021000 rw-p 00000000 00:00 0 
7f8e9c021000-7f8ea0000000 ---p 00000000 00:00 0 
7f8ea0000000-7f8ea002b000 rw-p 00000000 00:00 0 
7f8ea002b000-7f8ea4000000 ---p 00000000 00:00 0 
7f8ea4000000-7f8ea44ed000 rw-p 00000000 00:00 0 
7f8ea44ed000-7f8ea8000000 ---p 00000000 00:00 0 
7f8ea8000000-7f8ea805d000 rw-p 00000000 00:00 0 
7f8ea805d000-7f8eac000000 ---p 00000000 00:00 0 
7f8eac000000-7f8eac03d000 rw-p 00000000 00:00 0 
7f8eac03d000-7f8eb0000000 ---p 00000000 00:00 0 
7f8eb0000000-7f8eb003e000 rw-p 00000000 00:00 0 
7f8eb003e000-7f8eb4000000 ---p 00000000 00:00 0 
7f8eb4000000-7f8eb4005000 r--s 0009d000 08:05 264447                     /opt/jdk/jdk1.8.0_172/jre/lib/jsse.jar
7f8eb4005000-7f8eb4205000 rw-p 00000000 00:00 0 
7f8eb4205000-7f8eb421b000 r-xp 00000000 08:05 264606                     /opt/jdk/jdk1.8.0_172/jre/lib/amd64/libnet.so
7f8eb421b000-7f8eb441b000 ---p 00016000 08:05 264606                     /opt/jdk/jdk1.8.0_172/jre/lib/amd64/libnet.so
7f8eb441b000-7f8eb441c000 rw-p 00016000 08:05 264606                     /opt/jdk/jdk1.8.0_172/jre/lib/amd64/libnet.so
7f8eb441c000-7f8eb4425000 r-xp 00000000 08:05 264614                     /opt/jdk/jdk1.8.0_172/jre/lib/amd64/libmanagement.so
7f8eb4425000-7f8eb4624000 ---p 00009000 08:05 264614                     /opt/jdk/jdk1.8.0_172/jre/lib/amd64/libmanagement.so
7f8eb4624000-7f8eb4625000 rw-p 00008000 08:05 264614                     /opt/jdk/jdk1.8.0_172/jre/lib/amd64/libmanagement.so
7f8eb4625000-7f8eb4825000 rw-p 00000000 00:00 0 
7f8eb4825000-7f8eb48bb000 r--s 0110d000 08:05 264452                     /opt/jdk/jdk1.8.0_172/jre/lib/ext/jfxrt.jar
7f8eb48bb000-7f8eb4abb000 rw-p 00000000 00:00 0 
7f8eb4abb000-7f8eb4abe000 ---p 00000000 00:00 0 
7f8eb4abe000-7f8eb4bbc000 rw-p 00000000 00:00 0 
7f8eb4bbc000-7f8eb4bbf000 ---p 00000000 00:00 0 
7f8eb4bbf000-7f8eb4cbd000 rw-p 00000000 00:00 0 
7f8eb4cbd000-7f8eb4cc0000 ---p 00000000 00:00 0 
7f8eb4cc0000-7f8eb4dbe000 rw-p 00000000 00:00 0 
7f8eb4dbe000-7f8eb4dcc000 r--s 00075000 08:05 2106020                    /home/christian/.m2/repository/org/springframework/security/spring-security-web/5.1.2.RELEASE/spring-security-web-5.1.2.RELEASE.jar
7f8eb4dcc000-7f8eb4dd8000 r--s 0005e000 08:05 2106018                    /home/christian/.m2/repository/org/springframework/security/spring-security-core/5.1.2.RELEASE/spring-security-core-5.1.2.RELEASE.jar
7f8eb4dd8000-7f8eb4de5000 r--s 000b2000 08:05 2106016                    /home/christian/.m2/repository/org/springframework/security/spring-security-config/5.1.2.RELEASE/spring-security-config-5.1.2.RELEASE.jar
7f8eb4de5000-7f8eb4def000 r--s 00051000 08:05 2104212                    /home/christian/.m2/repository/org/springframework/spring-aop/5.1.3.RELEASE/spring-aop-5.1.3.RELEASE.jar
7f8eb4def000-7f8eb4df0000 r--s 00000000 08:05 1972868                    /home/christian/.m2/repository/org/springframework/boot/spring-boot-starter-security/2.1.1.RELEASE/spring-boot-starter-security-2.1.1.RELEASE.jar
7f8eb4df0000-7f8eb4df6000 r--s 00078000 08:05 1971842                    /home/christian/.m2/repository/com/fasterxml/woodstox/woodstox-core/5.0.3/woodstox-core-5.0.3.jar
7f8eb4df6000-7f8eb4dfa000 r--s 00024000 08:05 2236622                    /home/christian/.m2/repository/org/codehaus/woodstox/stax2-api/3.1.4/stax2-api-3.1.4.jar
7f8eb4dfa000-7f8eb4dfc000 r--s 00007000 08:05 2236620                    /home/christian/.m2/repository/com/fasterxml/jackson/module/jackson-module-jaxb-annotations/2.9.7/jackson-module-jaxb-annotations-2.9.7.jar
7f8eb4dfc000-7f8eb4e0f000 r--s 00137000 08:05 2098637                    /home/christian/.m2/repository/com/fasterxml/jackson/core/jackson-databind/2.9.7/jackson-databind-2.9.7.jar
7f8eb4e0f000-7f8eb4e12000 r--s 0000e000 08:05 2098639                    /home/christian/.m2/repository/com/fasterxml/jackson/core/jackson-annotations/2.9.0/jackson-annotations-2.9.0.jar
7f8eb4e12000-7f8eb4e16000 r--s 0004c000 08:05 2098641                    /home/christian/.m2/repository/com/fasterxml/jackson/core/jackson-core/2.9.7/jackson-core-2.9.7.jar
7f8eb4e16000-7f8eb4e19000 r--s 00016000 08:05 1971840                    /home/christian/.m2/repository/com/fasterxml/jackson/dataformat/jackson-dataformat-xml/2.9.7/jackson-dataformat-xml-2.9.7.jar
7f8eb4e19000-7f8eb4e30000 r--s 001f2000 08:05 531076                     /home/christian/.m2/repository/mysql/mysql-connector-java/8.0.13/mysql-connector-java-8.0.13.jar
7f8eb4e30000-7f8eb4e32000 r--s 0000a000 08:05 2105954                    /home/christian/.m2/repository/org/springframework/spring-aspects/5.1.3.RELEASE/spring-aspects-5.1.3.RELEASE.jar
7f8eb4e32000-7f8eb4e3a000 r--s 00037000 08:05 2105952                    /home/christian/.m2/repository/org/springframework/spring-tx/5.1.3.RELEASE/spring-tx-5.1.3.RELEASE.jar
7f8eb4e3a000-7f8eb4e3e000 r--s 0002d000 08:05 2105950                    /home/christian/.m2/repository/org/springframework/spring-orm/5.1.3.RELEASE/spring-orm-5.1.3.RELEASE.jar
7f8eb4e3e000-7f8eb4e56000 r--s 00104000 08:05 2105948                    /home/christian/.m2/repository/org/springframework/data/spring-data-commons/2.1.3.RELEASE/spring-data-commons-2.1.3.RELEASE.jar
7f8eb4e56000-7f8eb4e5e000 r--s 0004d000 08:05 2105946                    /home/christian/.m2/repository/org/springframework/data/spring-data-jpa/2.1.3.RELEASE/spring-data-jpa-2.1.3.RELEASE.jar
7f8eb4e5e000-7f8eb4e61000 r--s 00010000 08:05 2098597                    /home/christian/.m2/repository/org/hibernate/common/hibernate-commons-annotations/5.0.4.Final/hibernate-commons-annotations-5.0.4.Final.jar
7f8eb4e61000-7f8eb4e66000 r--s 0004b000 08:05 2098595                    /home/christian/.m2/repository/org/dom4j/dom4j/2.1.1/dom4j-2.1.1.jar
7f8eb4e66000-7f8eb4e69000 r--s 0002b000 08:05 2098591                    /home/christian/.m2/repository/org/jboss/jandex/2.0.5.Final/jandex-2.0.5.Final.jar
7f8eb4e69000-7f8eb4e6e000 r--s 00068000 08:05 2098589                    /home/christian/.m2/repository/antlr/antlr/2.7.7/antlr-2.7.7.jar
7f8eb4e6e000-7f8eb4e79000 r--s 000b2000 08:05 2098585                    /home/christian/.m2/repository/org/javassist/javassist/3.23.1-GA/javassist-3.23.1-GA.jar
7f8eb4e79000-7f8eb4e7f000 r--s 00023000 08:05 2098583                    /home/christian/.m2/repository/javax/persistence/javax.persistence-api/2.2/javax.persistence-api-2.2.jar
7f8eb4e7f000-7f8eb4f02000 r--s 00624000 08:05 2098579                    /home/christian/.m2/repository/org/hibernate/hibernate-core/5.3.7.Final/hibernate-core-5.3.7.Final.jar
7f8eb4f02000-7f8eb4f04000 r--s 0000c000 08:05 2098577                    /home/christian/.m2/repository/javax/activation/javax.activation-api/1.2.0/javax.activation-api-1.2.0.jar
7f8eb4f04000-7f8eb4f08000 r--s 0001c000 08:05 2098575                    /home/christian/.m2/repository/javax/xml/bind/jaxb-api/2.3.1/jaxb-api-2.3.1.jar
7f8eb4f08000-7f8eb4f09000 r--s 00006000 08:05 2098573                    /home/christian/.m2/repository/javax/transaction/javax.transaction-api/1.3/javax.transaction-api-1.3.jar
7f8eb4f09000-7f8eb4f12000 r--s 0005a000 08:05 2105944                    /home/christian/.m2/repository/org/springframework/spring-jdbc/5.1.3.RELEASE/spring-jdbc-5.1.3.RELEASE.jar
7f8eb4f12000-7f8eb4f16000 r--s 00020000 08:05 2098569                    /home/christian/.m2/repository/com/zaxxer/HikariCP/3.2.0/HikariCP-3.2.0.jar
7f8eb4f16000-7f8eb4f17000 r--s 00000000 08:05 2105942                    /home/christian/.m2/repository/org/springframework/boot/spring-boot-starter-jdbc/2.1.1.RELEASE/spring-boot-starter-jdbc-2.1.1.RELEASE.jar
7f8eb4f17000-7f8eb4f30000 r--s 001de000 08:05 2098565                    /home/christian/.m2/repository/org/aspectj/aspectjweaver/1.9.2/aspectjweaver-1.9.2.jar
7f8eb4f30000-7f8eb4f31000 r--s 00000000 08:05 2104232                    /home/christian/.m2/repository/org/springframework/boot/spring-boot-starter-aop/2.1.1.RELEASE/spring-boot-starter-aop-2.1.1.RELEASE.jar
7f8eb4f31000-7f8eb4f32000 r--s 00000000 08:05 2105940                    /home/christian/.m2/repository/org/springframework/boot/spring-boot-starter-data-jpa/2.1.1.RELEASE/spring-boot-starter-data-jpa-2.1.1.RELEASE.jar
7f8eb4f32000-7f8eb4f56000 r--s 00113000 08:05 2104206                    /home/christian/.m2/repository/org/springframework/boot/spring-boot-autoconfigure/2.1.1.RELEASE/spring-boot-autoconfigure-2.1.1.RELEASE.jar
7f8eb4f56000-7f8eb4f6b000 r--s 000d5000 08:05 2104204                    /home/christian/.m2/repository/org/springframework/boot/spring-boot/2.1.1.RELEASE/spring-boot-2.1.1.RELEASE.jar
7f8eb4f6b000-7f8eb4f71000 r--s 0002e000 08:05 2097175                    /home/christian/.m2/repository/org/springframework/boot/spring-boot-devtools/2.1.1.RELEASE/spring-boot-devtools-2.1.1.RELEASE.jar
7f8eb4f71000-7f8eb4f72000 r--s 00009000 08:05 2097165                    /home/christian/.m2/repository/org/thymeleaf/extras/thymeleaf-extras-java8time/3.0.2.RELEASE/thymeleaf-extras-java8time-3.0.2.RELEASE.jar
7f8eb4f72000-7f8eb4f75000 r--s 00028000 08:05 2100443                    /home/christian/.m2/repository/org/unbescape/unbescape/1.1.6.RELEASE/unbescape-1.1.6.RELEASE.jar
7f8eb4f75000-7f8eb4f7a000 r--s 00037000 08:05 2100441                    /home/christian/.m2/repository/org/attoparser/attoparser/2.0.5.RELEASE/attoparser-2.0.5.RELEASE.jar
7f8eb4f7a000-7f8eb4f8a000 r--s 000c5000 08:05 2100439                    /home/christian/.m2/repository/org/thymeleaf/thymeleaf/3.0.11.RELEASE/thymeleaf-3.0.11.RELEASE.jar
7f8eb4f8a000-7f8eb4f8f000 r--s 00027000 08:05 2100437                    /home/christian/.m2/repository/org/thymeleaf/thymeleaf-spring5/3.0.11.RELEASE/thymeleaf-spring5-3.0.11.RELEASE.jar
7f8eb4f8f000-7f8eb4f90000 r--s 00000000 08:05 1972119                    /home/christian/.m2/repository/org/springframework/boot/spring-boot-starter-thymeleaf/2.1.1.RELEASE/spring-boot-starter-thymeleaf-2.1.1.RELEASE.jar
7f8eb4f90000-7f8eb4f91000 r--s 00005000 08:05 2104238                    /home/christian/.m2/repository/org/springframework/spring-jcl/5.1.3.RELEASE/spring-jcl-5.1.3.RELEASE.jar
7f8eb4f91000-7f8eb4fa9000 r--s 00123000 08:05 2104236                    /home/christian/.m2/repository/org/springframework/spring-core/5.1.3.RELEASE/spring-core-5.1.3.RELEASE.jar
7f8eb4fa9000-7f8eb4fef000 r--s 002d2000 08:05 2236626                    /home/christian/.m2/repository/net/bytebuddy/byte-buddy/1.9.5/byte-buddy-1.9.5.jar
7f8eb4fef000-7f8eb4ff1000 r--s 00009000 08:05 2098611                    /home/christian/.m2/repository/org/slf4j/slf4j-api/1.7.25/slf4j-api-1.7.25.jar
7f8eb4ff1000-7f8eb4ff6000 r--s 00040000 08:05 2104216                    /home/christian/.m2/repository/org/springframework/spring-expression/5.1.3.RELEASE/spring-expression-5.1.3.RELEASE.jar
7f8eb4ff6000-7f8eb5005000 r--s 000b5000 08:05 2104230                    /home/christian/.m2/repository/org/springframework/spring-webmvc/5.1.3.RELEASE/spring-webmvc-5.1.3.RELEASE.jar
7f8eb5005000-7f8eb5011000 r--s 00098000 08:05 2104214                    /home/christian/.m2/repository/org/springframework/spring-beans/5.1.3.RELEASE/spring-beans-5.1.3.RELEASE.jar
7f8eb5011000-7f8eb502d000 r--s 00135000 08:05 2104228                    /home/christian/.m2/repository/org/springframework/spring-web/5.1.3.RELEASE/spring-web-5.1.3.RELEASE.jar
7f8eb502d000-7f8eb502f000 r--s 0000f000 08:05 2098593                    /home/christian/.m2/repository/com/fasterxml/classmate/1.4.0/classmate-1.4.0.jar
7f8eb502f000-7f8eb5031000 r--s 0000f000 08:05 2098581                    /home/christian/.m2/repository/org/jboss/logging/jboss-logging/3.3.2.Final/jboss-logging-3.3.2.Final.jar
7f8eb5031000-7f8eb5036000 r--s 00012000 08:05 2098659                    /home/christian/.m2/repository/javax/validation/validation-api/2.0.1.Final/validation-api-2.0.1.Final.jar
7f8eb5036000-7f8eb5053000 r--s 000fe000 08:05 2098657                    /home/christian/.m2/repository/org/hibernate/validator/hibernate-validator/6.0.13.Final/hibernate-validator-6.0.13.Final.jar
7f8eb5053000-7f8eb5059000 r--s 0003b000 08:05 2104247                    /home/christian/.m2/repository/org/apache/tomcat/embed/tomcat-embed-websocket/9.0.13/tomcat-embed-websocket-9.0.13.jar
7f8eb5059000-7f8eb505e000 r--s 00039000 08:05 2104245                    /home/christian/.m2/repository/org/apache/tomcat/embed/tomcat-embed-el/9.0.13/tomcat-embed-el-9.0.13.jar
7f8eb505e000-7f8eb5087000 r--s 002ed000 08:05 2104243                    /home/christian/.m2/repository/org/apache/tomcat/embed/tomcat-embed-core/9.0.13/tomcat-embed-core-9.0.13.jar
7f8eb5087000-7f8eb5088000 r--s 00000000 08:05 2104226                    /home/christian/.m2/repository/org/springframework/boot/spring-boot-starter-tomcat/2.1.1.RELEASE/spring-boot-starter-tomcat-2.1.1.RELEASE.jar
7f8eb5088000-7f8eb508a000 r--s 00001000 08:05 2098647                    /home/christian/.m2/repository/com/fasterxml/jackson/module/jackson-module-parameter-names/2.9.7/jackson-module-parameter-names-2.9.7.jar
7f8eb508a000-7f8eb508c000 r--s 00007000 08:05 2098643                    /home/christian/.m2/repository/com/fasterxml/jackson/datatype/jackson-datatype-jdk8/2.9.7/jackson-datatype-jdk8-2.9.7.jar
7f8eb508c000-7f8eb5095000 r--s 0005e000 08:05 1971802                    /home/christian/.m2/repository/io/micrometer/micrometer-core/1.1.1/micrometer-core-1.1.1.jar
7f8eb5095000-7f8eb50af000 r--s 000f3000 08:05 2104210                    /home/christian/.m2/repository/org/springframework/spring-context/5.1.3.RELEASE/spring-context-5.1.3.RELEASE.jar
7f8eb50af000-7f8eb50be000 r--s 0006f000 08:05 1971739                    /home/christian/.m2/repository/org/springframework/boot/spring-boot-actuator/2.1.1.RELEASE/spring-boot-actuator-2.1.1.RELEASE.jar
7f8eb50be000-7f8eb50cd000 r--s 0005d000 08:05 1971737                    /home/christian/.m2/repository/org/springframework/boot/spring-boot-actuator-autoconfigure/2.1.1.RELEASE/spring-boot-actuator-autoconfigure-2.1.1.RELEASE.jar
7f8eb50cd000-7f8eb50ce000 ---p 00000000 00:00 0 
7f8eb50ce000-7f8eb51ce000 rw-p 00000000 00:00 0 
7f8eb51ce000-7f8eb51d1000 ---p 00000000 00:00 0 
7f8eb51d1000-7f8eb52cf000 rw-p 00000000 00:00 0 
7f8eb52cf000-7f8eb52d2000 ---p 00000000 00:00 0 
7f8eb52d2000-7f8eb53d0000 rw-p 00000000 00:00 0 
7f8eb53d0000-7f8eb53d3000 ---p 00000000 00:00 0 
7f8eb53d3000-7f8eb54d1000 rw-p 00000000 00:00 0 
7f8eb54d1000-7f8eb54d4000 ---p 00000000 00:00 0 
7f8eb54d4000-7f8eb55d2000 rw-p 00000000 00:00 0 
7f8eb55d2000-7f8eb55d5000 ---p 00000000 00:00 0 
7f8eb55d5000-7f8eb56d3000 rw-p 00000000 00:00 0 
7f8eb56d3000-7f8eb586e000 r--p 00000000 08:05 4595421                    /usr/lib/locale/locale-archive
7f8eb586e000-7f8eb5871000 ---p 00000000 00:00 0 
7f8eb5871000-7f8eb596f000 rw-p 00000000 00:00 0 
7f8eb596f000-7f8eb5972000 ---p 00000000 00:00 0 
7f8eb5972000-7f8eb5a70000 rw-p 00000000 00:00 0 
7f8eb5a70000-7f8eb5a71000 ---p 00000000 00:00 0 
7f8eb5a71000-7f8eb6b25000 rw-p 00000000 00:00 0 
7f8eb6b25000-7f8eb6cff000 r--s 03d6a000 08:05 264390                     /opt/jdk/jdk1.8.0_172/jre/lib/rt.jar
7f8eb6cff000-7f8eb6d75000 rw-p 00000000 00:00 0 
7f8eb6d75000-7f8eb8532000 rw-p 00000000 00:00 0 
7f8eb8532000-7f8eb8533000 ---p 00000000 00:00 0 
7f8eb8533000-7f8eb8633000 rw-p 00000000 00:00 0 
7f8eb8633000-7f8eb8634000 ---p 00000000 00:00 0 
7f8eb8634000-7f8eb8734000 rw-p 00000000 00:00 0 
7f8eb8734000-7f8eb8735000 ---p 00000000 00:00 0 
7f8eb8735000-7f8eb8835000 rw-p 00000000 00:00 0 
7f8eb8835000-7f8eb8836000 ---p 00000000 00:00 0 
7f8eb8836000-7f8eb8936000 rw-p 00000000 00:00 0 
7f8eb8936000-7f8eb89ae000 rw-p 00000000 00:00 0 
7f8eb89ae000-7f8eb89d4000 ---p 00000000 00:00 0 
7f8eb89d4000-7f8eb8a23000 rw-p 00000000 00:00 0 
7f8eb8a23000-7f8eb8af5000 rw-p 00000000 00:00 0 
7f8eb8af5000-7f8eb8de4000 ---p 00000000 00:00 0 
7f8eb8de4000-7f8ebc214000 rwxp 00000000 00:00 0 
7f8ebc214000-7f8ec7de4000 ---p 00000000 00:00 0 
7f8ec7de4000-7f8ec7dff000 r-xp 00000000 08:05 264602                     /opt/jdk/jdk1.8.0_172/jre/lib/amd64/libzip.so
7f8ec7dff000-7f8ec7fff000 ---p 0001b000 08:05 264602                     /opt/jdk/jdk1.8.0_172/jre/lib/amd64/libzip.so
7f8ec7fff000-7f8ec8000000 rw-p 0001b000 08:05 264602                     /opt/jdk/jdk1.8.0_172/jre/lib/amd64/libzip.so
7f8ec8000000-7f8ec8872000 rw-p 00000000 00:00 0 
7f8ec8872000-7f8ecc000000 ---p 00000000 00:00 0 
7f8ecc000000-7f8ecc001000 r--s 00000000 08:05 2104224                    /home/christian/.m2/repository/org/springframework/boot/spring-boot-starter-json/2.1.1.RELEASE/spring-boot-starter-json-2.1.1.RELEASE.jar
7f8ecc001000-7f8ecc002000 r--s 00000000 08:05 2104222                    /home/christian/.m2/repository/org/springframework/boot/spring-boot-starter-web/2.1.1.RELEASE/spring-boot-starter-web-2.1.1.RELEASE.jar
7f8ecc002000-7f8ecc004000 r--s 00006000 08:05 1971806                    /home/christian/.m2/repository/org/latencyutils/LatencyUtils/2.0.3/LatencyUtils-2.0.3.jar
7f8ecc004000-7f8ecc006000 r--s 0001a000 08:05 1971804                    /home/christian/.m2/repository/org/hdrhistogram/HdrHistogram/2.1.9/HdrHistogram-2.1.9.jar
7f8ecc006000-7f8ecc009000 r--s 00016000 08:05 2098645                    /home/christian/.m2/repository/com/fasterxml/jackson/datatype/jackson-datatype-jsr310/2.9.7/jackson-datatype-jsr310-2.9.7.jar
7f8ecc009000-7f8ecc010000 r--s 00043000 08:05 2098633                    /home/christian/.m2/repository/org/yaml/snakeyaml/1.23/snakeyaml-1.23.jar
7f8ecc010000-7f8ecc0ba000 rw-p 00000000 00:00 0 
7f8ecc0ba000-7f8ecc0c4000 r-xp 00000000 08:05 527698                     /lib/x86_64-linux-gnu/libnss_files-2.24.so
7f8ecc0c4000-7f8ecc2c4000 ---p 0000a000 08:05 527698                     /lib/x86_64-linux-gnu/libnss_files-2.24.so
7f8ecc2c4000-7f8ecc2c5000 r--p 0000a000 08:05 527698                     /lib/x86_64-linux-gnu/libnss_files-2.24.so
7f8ecc2c5000-7f8ecc2c6000 rw-p 0000b000 08:05 527698                     /lib/x86_64-linux-gnu/libnss_files-2.24.so
7f8ecc2c6000-7f8ecc2cc000 rw-p 00000000 00:00 0 
7f8ecc2cc000-7f8ecc2d7000 r-xp 00000000 08:05 527700                     /lib/x86_64-linux-gnu/libnss_nis-2.24.so
7f8ecc2d7000-7f8ecc4d6000 ---p 0000b000 08:05 527700                     /lib/x86_64-linux-gnu/libnss_nis-2.24.so
7f8ecc4d6000-7f8ecc4d7000 r--p 0000a000 08:05 527700                     /lib/x86_64-linux-gnu/libnss_nis-2.24.so
7f8ecc4d7000-7f8ecc4d8000 rw-p 0000b000 08:05 527700                     /lib/x86_64-linux-gnu/libnss_nis-2.24.so
7f8ecc4d8000-7f8ecc4ec000 r-xp 00000000 08:05 527695                     /lib/x86_64-linux-gnu/libnsl-2.24.so
7f8ecc4ec000-7f8ecc6ec000 ---p 00014000 08:05 527695                     /lib/x86_64-linux-gnu/libnsl-2.24.so
7f8ecc6ec000-7f8ecc6ed000 r--p 00014000 08:05 527695                     /lib/x86_64-linux-gnu/libnsl-2.24.so
7f8ecc6ed000-7f8ecc6ee000 rw-p 00015000 08:05 527695                     /lib/x86_64-linux-gnu/libnsl-2.24.so
7f8ecc6ee000-7f8ecc6f0000 rw-p 00000000 00:00 0 
7f8ecc6f0000-7f8ecc6f7000 r-xp 00000000 08:05 527696                     /lib/x86_64-linux-gnu/libnss_compat-2.24.so
7f8ecc6f7000-7f8ecc8f6000 ---p 00007000 08:05 527696                     /lib/x86_64-linux-gnu/libnss_compat-2.24.so
7f8ecc8f6000-7f8ecc8f7000 r--p 00006000 08:05 527696                     /lib/x86_64-linux-gnu/libnss_compat-2.24.so
7f8ecc8f7000-7f8ecc8f8000 rw-p 00007000 08:05 527696                     /lib/x86_64-linux-gnu/libnss_compat-2.24.so
7f8ecc8f8000-7f8ecc923000 r-xp 00000000 08:05 264596                     /opt/jdk/jdk1.8.0_172/jre/lib/amd64/libjava.so
7f8ecc923000-7f8eccb22000 ---p 0002b000 08:05 264596                     /opt/jdk/jdk1.8.0_172/jre/lib/amd64/libjava.so
7f8eccb22000-7f8eccb24000 rw-p 0002a000 08:05 264596                     /opt/jdk/jdk1.8.0_172/jre/lib/amd64/libjava.so
7f8eccb24000-7f8eccb31000 r-xp 00000000 08:05 264601                     /opt/jdk/jdk1.8.0_172/jre/lib/amd64/libverify.so
7f8eccb31000-7f8eccd31000 ---p 0000d000 08:05 264601                     /opt/jdk/jdk1.8.0_172/jre/lib/amd64/libverify.so
7f8eccd31000-7f8eccd33000 rw-p 0000d000 08:05 264601                     /opt/jdk/jdk1.8.0_172/jre/lib/amd64/libverify.so
7f8eccd33000-7f8eccd3a000 r-xp 00000000 08:05 527705                     /lib/x86_64-linux-gnu/librt-2.24.so
7f8eccd3a000-7f8eccf39000 ---p 00007000 08:05 527705                     /lib/x86_64-linux-gnu/librt-2.24.so
7f8eccf39000-7f8eccf3a000 r--p 00006000 08:05 527705                     /lib/x86_64-linux-gnu/librt-2.24.so
7f8eccf3a000-7f8eccf3b000 rw-p 00007000 08:05 527705                     /lib/x86_64-linux-gnu/librt-2.24.so
7f8eccf3b000-7f8ecd03e000 r-xp 00000000 08:05 527692                     /lib/x86_64-linux-gnu/libm-2.24.so
7f8ecd03e000-7f8ecd23d000 ---p 00103000 08:05 527692                     /lib/x86_64-linux-gnu/libm-2.24.so
7f8ecd23d000-7f8ecd23e000 r--p 00102000 08:05 527692                     /lib/x86_64-linux-gnu/libm-2.24.so
7f8ecd23e000-7f8ecd23f000 rw-p 00103000 08:05 527692                     /lib/x86_64-linux-gnu/libm-2.24.so
7f8ecd23f000-7f8ecdf1b000 r-xp 00000000 08:05 264578                     /opt/jdk/jdk1.8.0_172/jre/lib/amd64/server/libjvm.so
7f8ecdf1b000-7f8ece11b000 ---p 00cdc000 08:05 264578                     /opt/jdk/jdk1.8.0_172/jre/lib/amd64/server/libjvm.so
7f8ece11b000-7f8ece1f5000 rw-p 00cdc000 08:05 264578                     /opt/jdk/jdk1.8.0_172/jre/lib/amd64/server/libjvm.so
7f8ece1f5000-7f8ece240000 rw-p 00000000 00:00 0 
7f8ece240000-7f8ece3d5000 r-xp 00000000 08:05 527688                     /lib/x86_64-linux-gnu/libc-2.24.so
7f8ece3d5000-7f8ece5d5000 ---p 00195000 08:05 527688                     /lib/x86_64-linux-gnu/libc-2.24.so
7f8ece5d5000-7f8ece5d9000 r--p 00195000 08:05 527688                     /lib/x86_64-linux-gnu/libc-2.24.so
7f8ece5d9000-7f8ece5db000 rw-p 00199000 08:05 527688                     /lib/x86_64-linux-gnu/libc-2.24.so
7f8ece5db000-7f8ece5df000 rw-p 00000000 00:00 0 
7f8ece5df000-7f8ece5e2000 r-xp 00000000 08:05 527691                     /lib/x86_64-linux-gnu/libdl-2.24.so
7f8ece5e2000-7f8ece7e1000 ---p 00003000 08:05 527691                     /lib/x86_64-linux-gnu/libdl-2.24.so
7f8ece7e1000-7f8ece7e2000 r--p 00002000 08:05 527691                     /lib/x86_64-linux-gnu/libdl-2.24.so
7f8ece7e2000-7f8ece7e3000 rw-p 00003000 08:05 527691                     /lib/x86_64-linux-gnu/libdl-2.24.so
7f8ece7e3000-7f8ece7f9000 r-xp 00000000 08:05 264573                     /opt/jdk/jdk1.8.0_172/jre/lib/amd64/jli/libjli.so
7f8ece7f9000-7f8ece9f8000 ---p 00016000 08:05 264573                     /opt/jdk/jdk1.8.0_172/jre/lib/amd64/jli/libjli.so
7f8ece9f8000-7f8ece9f9000 rw-p 00015000 08:05 264573                     /opt/jdk/jdk1.8.0_172/jre/lib/amd64/jli/libjli.so
7f8ece9f9000-7f8ecea11000 r-xp 00000000 08:05 527703                     /lib/x86_64-linux-gnu/libpthread-2.24.so
7f8ecea11000-7f8ecec10000 ---p 00018000 08:05 527703                     /lib/x86_64-linux-gnu/libpthread-2.24.so
7f8ecec10000-7f8ecec11000 r--p 00017000 08:05 527703                     /lib/x86_64-linux-gnu/libpthread-2.24.so
7f8ecec11000-7f8ecec12000 rw-p 00018000 08:05 527703                     /lib/x86_64-linux-gnu/libpthread-2.24.so
7f8ecec12000-7f8ecec16000 rw-p 00000000 00:00 0 
7f8ecec16000-7f8ecec39000 r-xp 00000000 08:05 527684                     /lib/x86_64-linux-gnu/ld-2.24.so
7f8ecec39000-7f8ecec3b000 r--s 00005000 08:05 2098631                    /home/christian/.m2/repository/javax/annotation/javax.annotation-api/1.3.2/javax.annotation-api-1.3.2.jar
7f8ecec3b000-7f8ecec3d000 r--s 00000000 08:05 2098629                    /home/christian/.m2/repository/org/slf4j/jul-to-slf4j/1.7.25/jul-to-slf4j-1.7.25.jar
7f8ecec3d000-7f8ecec43000 r--s 0003b000 08:05 2098627                    /home/christian/.m2/repository/org/apache/logging/log4j/log4j-api/2.11.1/log4j-api-2.11.1.jar
7f8ecec43000-7f8ecec45000 r--s 00003000 08:05 2098625                    /home/christian/.m2/repository/org/apache/logging/log4j/log4j-to-slf4j/2.11.1/log4j-to-slf4j-2.11.1.jar
7f8ecec45000-7f8ecec50000 r--s 00069000 08:05 2098623                    /home/christian/.m2/repository/ch/qos/logback/logback-core/1.2.3/logback-core-1.2.3.jar
7f8ecec50000-7f8ecec56000 r--s 00041000 08:05 2098621                    /home/christian/.m2/repository/ch/qos/logback/logback-classic/1.2.3/logback-classic-1.2.3.jar
7f8ecec56000-7f8ecec57000 r--s 00000000 08:05 2104208                    /home/christian/.m2/repository/org/springframework/boot/spring-boot-starter-logging/2.1.1.RELEASE/spring-boot-starter-logging-2.1.1.RELEASE.jar
7f8ecec57000-7f8ecec58000 r--s 00000000 08:05 2104202                    /home/christian/.m2/repository/org/springframework/boot/spring-boot-starter/2.1.1.RELEASE/spring-boot-starter-2.1.1.RELEASE.jar
7f8ecec58000-7f8ecec80000 rw-p 00000000 00:00 0 
7f8ecec80000-7f8ececf8000 rw-p 00000000 00:00 0 
7f8ececf8000-7f8eced1e000 ---p 00000000 00:00 0 
7f8eced1e000-7f8eced21000 ---p 00000000 00:00 0 
7f8eced21000-7f8ecee21000 rw-p 00000000 00:00 0 
7f8ecee21000-7f8ecee22000 r--s 00000000 08:05 1971735                    /home/christian/.m2/repository/org/springframework/boot/spring-boot-starter-actuator/2.1.1.RELEASE/spring-boot-starter-actuator-2.1.1.RELEASE.jar
7f8ecee22000-7f8ecee2c000 rw-p 00000000 00:00 0 
7f8ecee2c000-7f8ecee34000 rw-s 00000000 08:05 7602933                    /tmp/hsperfdata_christian/6503
7f8ecee34000-7f8ecee35000 rw-p 00000000 00:00 0 
7f8ecee35000-7f8ecee36000 ---p 00000000 00:00 0 
7f8ecee36000-7f8ecee39000 rw-p 00000000 00:00 0 
7f8ecee39000-7f8ecee3a000 r--p 00023000 08:05 527684                     /lib/x86_64-linux-gnu/ld-2.24.so
7f8ecee3a000-7f8ecee3b000 rw-p 00024000 08:05 527684                     /lib/x86_64-linux-gnu/ld-2.24.so
7f8ecee3b000-7f8ecee3c000 rw-p 00000000 00:00 0 
7ffc0189f000-7ffc018c3000 rw-p 00000000 00:00 0                          [stack]
7ffc01944000-7ffc01946000 r--p 00000000 00:00 0                          [vvar]
7ffc01946000-7ffc01948000 r-xp 00000000 00:00 0                          [vdso]
ffffffffff600000-ffffffffff601000 r-xp 00000000 00:00 0                  [vsyscall]

VM Arguments:
java_command: com.web.service.FacerecognitionserviceApplication
java_class_path (initial): /home/christian/Documents/Workspace/Spring Tool Suite/facerecognitionservice/target/classes:/home/christian/.m2/repository/org/springframework/boot/spring-boot-starter-actuator/2.1.1.RELEASE/spring-boot-starter-actuator-2.1.1.RELEASE.jar:/home/christian/.m2/repository/org/springframework/boot/spring-boot-starter/2.1.1.RELEASE/spring-boot-starter-2.1.1.RELEASE.jar:/home/christian/.m2/repository/org/springframework/boot/spring-boot-starter-logging/2.1.1.RELEASE/spring-boot-starter-logging-2.1.1.RELEASE.jar:/home/christian/.m2/repository/ch/qos/logback/logback-classic/1.2.3/logback-classic-1.2.3.jar:/home/christian/.m2/repository/ch/qos/logback/logback-core/1.2.3/logback-core-1.2.3.jar:/home/christian/.m2/repository/org/apache/logging/log4j/log4j-to-slf4j/2.11.1/log4j-to-slf4j-2.11.1.jar:/home/christian/.m2/repository/org/apache/logging/log4j/log4j-api/2.11.1/log4j-api-2.11.1.jar:/home/christian/.m2/repository/org/slf4j/jul-to-slf4j/1.7.25/jul-to-slf4j-1.7.25.jar:/home/christian/.m2/repository/javax/annotation/javax.annotation-api/1.3.2/javax.annotation-api-1.3.2.jar:/home/christian/.m2/repository/org/yaml/snakeyaml/1.23/snakeyaml-1.23.jar:/home/christian/.m2/repository/org/springframework/boot/spring-boot-actuator-autoconfigure/2.1.1.RELEASE/spring-boot-actuator-autoconfigure-2.1.1.RELEASE.jar:/home/christian/.m2/repository/org/springframework/boot/spring-boot-actuator/2.1.1.RELEASE/spring-boot-actuator-2.1.1.RELEASE.jar:/home/christian/.m2/repository/org/springframework/spring-context/5.1.3.RELEASE/spring-context-5.1.3.RELEASE.jar:/home/christian/.m2/repository/com/fasterxml/jackson/datatype/jackson-datatype-jsr310/2.9.7/jackson-datatype-jsr310-2.9.7.jar:/home/christian/.m2/repository/io/micrometer/micrometer-core/1.1.1/micrometer-core-1.1.1.jar:/home/christian/.m2/repository/org/hdrhistogram/HdrHistogram/2.1.9/HdrHistogram-2.1.9.jar:/home/christian/.m2/repository/org/latencyutils/LatencyUtils/2.0.3/LatencyUtils-2.0.3.jar:/home/christian/
Launcher Type: SUN_STANDARD

Environment Variables:
JAVA_HOME=/opt/jdk/jdk1.8.0_172
PATH=/home/christian/.nvm/versions/node/v10.13.0/bin:/usr/local/bin:/usr/bin:/bin:/usr/local/games:/usr/games
SHELL=/bin/bash
DISPLAY=:0

Signal Handlers:
SIGSEGV: [libjvm.so+0xad2ab0], sa_mask[0]=11111111011111111101111111111110, sa_flags=SA_RESTART|SA_SIGINFO
SIGBUS: [libjvm.so+0xad2ab0], sa_mask[0]=11111111011111111101111111111110, sa_flags=SA_RESTART|SA_SIGINFO
SIGFPE: [libjvm.so+0x92a790], sa_mask[0]=11111111011111111101111111111110, sa_flags=SA_RESTART|SA_SIGINFO
SIGPIPE: [libjvm.so+0x92a790], sa_mask[0]=11111111011111111101111111111110, sa_flags=SA_RESTART|SA_SIGINFO
SIGXFSZ: [libjvm.so+0x92a790], sa_mask[0]=11111111011111111101111111111110, sa_flags=SA_RESTART|SA_SIGINFO
SIGILL: [libjvm.so+0x92a790], sa_mask[0]=11111111011111111101111111111110, sa_flags=SA_RESTART|SA_SIGINFO
SIGUSR1: SIG_DFL, sa_mask[0]=00000000000000000000000000000000, sa_flags=none
SIGUSR2: [libjvm.so+0x92bff0], sa_mask[0]=00100000000000000000000000000000, sa_flags=SA_RESTART|SA_SIGINFO
SIGHUP: [libjvm.so+0x92d3f0], sa_mask[0]=11111111011111111101111111111110, sa_flags=SA_RESTART|SA_SIGINFO
SIGINT: [libjvm.so+0x92d3f0], sa_mask[0]=11111111011111111101111111111110, sa_flags=SA_RESTART|SA_SIGINFO
SIGTERM: [libjvm.so+0x92d3f0], sa_mask[0]=11111111011111111101111111111110, sa_flags=SA_RESTART|SA_SIGINFO
SIGQUIT: [libjvm.so+0x92d3f0], sa_mask[0]=11111111011111111101111111111110, sa_flags=SA_RESTART|SA_SIGINFO


---------------  S Y S T E M  ---------------

OS:PRETTY_NAME="Debian GNU/Linux 9 (stretch)"
NAME="Debian GNU/Linux"
VERSION_ID="9"
VERSION="9 (stretch)"
ID=debian
HOME_URL="https://www.debian.org/"
SUPPORT_URL="https://www.debian.org/support"
BUG_REPORT_URL="https://bugs.debian.org/"

uname:Linux 4.9.0-4-amd64 #1 SMP Debian 4.9.65-3+deb9u1 (2017-12-23) x86_64
libc:glibc 2.24 NPTL 2.24 
rlimit: STACK 8192k, CORE 0k, NPROC 6535, NOFILE 1048576, AS infinity
load average:1.08 0.77 0.86

/proc/meminfo:
MemTotal:        1936424 kB
MemFree:           69224 kB
MemAvailable:      24520 kB
Buffers:            1804 kB
Cached:            78528 kB
SwapCached:         2248 kB
Active:          1268440 kB
Inactive:         434036 kB
Active(anon):    1246900 kB
Inactive(anon):   415584 kB
Active(file):      21540 kB
Inactive(file):    18452 kB
Unevictable:          32 kB
Mlocked:              32 kB
SwapTotal:       1980412 kB
SwapFree:              0 kB
Dirty:               292 kB
Writeback:             0 kB
AnonPages:       1620400 kB
Mapped:            31760 kB
Shmem:             39952 kB
Slab:              62748 kB
SReclaimable:      20568 kB
SUnreclaim:        42180 kB
KernelStack:       10560 kB
PageTables:        49920 kB
NFS_Unstable:          0 kB
Bounce:                0 kB
WritebackTmp:          0 kB
CommitLimit:     2948624 kB
Committed_AS:    8323696 kB
VmallocTotal:   34359738367 kB
VmallocUsed:           0 kB
VmallocChunk:          0 kB
HardwareCorrupted:     0 kB
AnonHugePages:         0 kB
ShmemHugePages:        0 kB
ShmemPmdMapped:        0 kB
HugePages_Total:       0
HugePages_Free:        0
HugePages_Rsvd:        0
HugePages_Surp:        0
Hugepagesize:       2048 kB
DirectMap4k:      289728 kB
DirectMap2M:     1691648 kB


CPU:total 4 (initial active 4) (4 cores per cpu, 1 threads per core) family 6 model 55 stepping 8, cmov, cx8, fxsr, mmx, sse, sse2, sse3, ssse3, sse4.1, sse4.2, popcnt, clmul, erms, 3dnowpref, tsc, tscinvbit

/proc/cpuinfo:
processor	: 0
vendor_id	: GenuineIntel
cpu family	: 6
model		: 55
model name	: Intel(R) Pentium(R) CPU  N3540  @ 2.16GHz
stepping	: 8
microcode	: 0x815
cpu MHz		: 2665.477
cache size	: 1024 KB
physical id	: 0
siblings	: 4
core id		: 0
cpu cores	: 4
apicid		: 0
initial apicid	: 0
fpu		: yes
fpu_exception	: yes
cpuid level	: 11
wp		: yes
flags		: fpu vme de pse tsc msr pae mce cx8 apic sep mtrr pge mca cmov pat pse36 clflush dts acpi mmx fxsr sse sse2 ss ht tm pbe syscall nx rdtscp lm constant_tsc arch_perfmon pebs bts rep_good nopl xtopology nonstop_tsc aperfmperf eagerfpu pni pclmulqdq dtes64 monitor ds_cpl vmx est tm2 ssse3 cx16 xtpr pdcm sse4_1 sse4_2 movbe popcnt tsc_deadline_timer rdrand lahf_lm 3dnowprefetch epb tpr_shadow vnmi flexpriority ept vpid tsc_adjust smep erms dtherm ida arat
bugs		:
bogomips	: 4331.60
clflush size	: 64
cache_alignment	: 64
address sizes	: 36 bits physical, 48 bits virtual
power management:

processor	: 1
vendor_id	: GenuineIntel
cpu family	: 6
model		: 55
model name	: Intel(R) Pentium(R) CPU  N3540  @ 2.16GHz
stepping	: 8
microcode	: 0x815
cpu MHz		: 2665.610
cache size	: 1024 KB
physical id	: 0
siblings	: 4
core id		: 1
cpu cores	: 4
apicid		: 2
initial apicid	: 2
fpu		: yes
fpu_exception	: yes
cpuid level	: 11
wp		: yes
flags		: fpu vme de pse tsc msr pae mce cx8 apic sep mtrr pge mca cmov pat pse36 clflush dts acpi mmx fxsr sse sse2 ss ht tm pbe syscall nx rdtscp lm constant_tsc arch_perfmon pebs bts rep_good nopl xtopology nonstop_tsc aperfmperf eagerfpu pni pclmulqdq dtes64 monitor ds_cpl vmx est tm2 ssse3 cx16 xtpr pdcm sse4_1 sse4_2 movbe popcnt tsc_deadline_timer rdrand lahf_lm 3dnowprefetch epb tpr_shadow vnmi flexpriority ept vpid tsc_adjust smep erms dtherm ida arat
bugs		:
bogomips	: 4331.60
clflush size	: 64
cache_alignment	: 64
address sizes	: 36 bits physical, 48 bits virtual
power management:

processor	: 2
vendor_id	: GenuineIntel
cpu family	: 6
model		: 55
model name	: Intel(R) Pentium(R) CPU  N3540  @ 2.16GHz
stepping	: 8
microcode	: 0x815
cpu MHz		: 2665.610
cache size	: 1024 KB
physical id	: 0
siblings	: 4
core id		: 2
cpu cores	: 4
apicid		: 4
initial apicid	: 4
fpu		: yes
fpu_exception	: yes
cpuid level	: 11
wp		: yes
flags		: fpu vme de pse tsc msr pae mce cx8 apic sep mtrr pge mca cmov pat pse36 clflush dts acpi mmx fxsr sse sse2 ss ht tm pbe syscall nx rdtscp lm constant_tsc arch_perfmon pebs bts rep_good nopl xtopology nonstop_tsc aperfmperf eagerfpu pni pclmulqdq dtes64 monitor ds_cpl vmx est tm2 ssse3 cx16 xtpr pdcm sse4_1 sse4_2 movbe popcnt tsc_deadline_timer rdrand lahf_lm 3dnowprefetch epb tpr_shadow vnmi flexpriority ept vpid tsc_adjust smep erms dtherm ida arat
bugs		:
bogomips	: 4331.60
clflush size	: 64
cache_alignment	: 64
address sizes	: 36 bits physical, 48 bits virtual
power management:

processor	: 3
vendor_id	: GenuineIntel
cpu family	: 6
model		: 55
model name	: Intel(R) Pentium(R) CPU  N3540  @ 2.16GHz
stepping	: 8
microcode	: 0x815
cpu MHz		: 2665.477
cache size	: 1024 KB
physical id	: 0
siblings	: 4
core id		: 3
cpu cores	: 4
apicid		: 6
initial apicid	: 6
fpu		: yes
fpu_exception	: yes
cpuid level	: 11
wp		: yes
flags		: fpu vme de pse tsc msr pae mce cx8 apic sep mtrr pge mca cmov pat pse36 clflush dts acpi mmx fxsr sse sse2 ss ht tm pbe syscall nx rdtscp lm constant_tsc arch_perfmon pebs bts rep_good nopl xtopology nonstop_tsc aperfmperf eagerfpu pni pclmulqdq dtes64 monitor ds_cpl vmx est tm2 ssse3 cx16 xtpr pdcm sse4_1 sse4_2 movbe popcnt tsc_deadline_timer rdrand lahf_lm 3dnowprefetch epb tpr_shadow vnmi flexpriority ept vpid tsc_adjust smep erms dtherm ida arat
bugs		:
bogomips	: 4331.60
clflush size	: 64
cache_alignment	: 64
address sizes	: 36 bits physical, 48 bits virtual
power management:



Memory: 4k page, physical 1936424k(68976k free), swap 1980412k(0k free)

vm_info: Java HotSpot(TM) 64-Bit Server VM (25.172-b11) for linux-amd64 JRE (1.8.0_172-b11), built on Mar 28 2018 21:44:09 by "java_re" with gcc 4.3.0 20080428 (Red Hat 4.3.0-8)

time: Tue Jan 15 23:26:35 2019
elapsed time: 7245 seconds (0d 2h 0m 45s)

